57 Q0 AP891011-0027 1 -66.5286470583907 Laplace
57 Q0 AP890502-0236 2 -66.8579943265852 Laplace
57 Q0 AP890910-0086 3 -67.1597673195648 Laplace
57 Q0 AP890807-0170 4 -67.3430628935505 Laplace
57 Q0 AP890422-0011 5 -67.5669278371527 Laplace
57 Q0 AP891019-0089 6 -67.7055065486869 Laplace
57 Q0 AP891011-0276 7 -67.8815904427804 Laplace
57 Q0 AP891212-0245 8 -67.9429916930338 Laplace
57 Q0 AP890828-0042 9 -67.9735830529455 Laplace
57 Q0 AP890113-0142 10 -67.9887544174862 Laplace
57 Q0 AP890325-0010 11 -68.21842341458 Laplace
57 Q0 AP890217-0022 12 -68.2592454091002 Laplace
57 Q0 AP891211-0258 13 -68.2726853628338 Laplace
57 Q0 AP891019-0172 14 -68.2763553958106 Laplace
57 Q0 AP890830-0175 15 -68.350115295528 Laplace
57 Q0 AP890601-0228 16 -68.3927407291829 Laplace
57 Q0 AP891019-0303 17 -68.4002391529665 Laplace
57 Q0 AP890330-0250 18 -68.4359009193448 Laplace
57 Q0 AP890316-0286 19 -68.4523069330821 Laplace
57 Q0 AP890406-0187 20 -68.467642247165 Laplace
57 Q0 AP890813-0007 21 -68.5047523703389 Laplace
57 Q0 AP890216-0300 22 -68.5427416194916 Laplace
57 Q0 AP890208-0036 23 -68.5534170088097 Laplace
57 Q0 AP890813-0002 24 -68.5559748376961 Laplace
57 Q0 AP890814-0223 25 -68.5644690892993 Laplace
57 Q0 AP890111-0276 26 -68.615185930993 Laplace
57 Q0 AP890826-0129 27 -68.663989025162 Laplace
57 Q0 AP891212-0204 28 -68.6689295082501 Laplace
57 Q0 AP891220-0025 29 -68.6706955551112 Laplace
57 Q0 AP890126-0273 30 -68.6733976817304 Laplace
57 Q0 AP890212-0011 31 -68.7263986391463 Laplace
57 Q0 AP890418-0316 32 -68.7267595240361 Laplace
57 Q0 AP890915-0236 33 -68.730403245193 Laplace
57 Q0 AP890830-0023 34 -68.7967988389712 Laplace
57 Q0 AP890824-0260 35 -68.7980615449547 Laplace
57 Q0 AP890816-0172 36 -68.7986026233243 Laplace
57 Q0 AP890210-0149 37 -68.7994682472363 Laplace
57 Q0 AP890831-0080 38 -68.8008025061421 Laplace
57 Q0 AP890210-0130 39 -68.8023527586676 Laplace
57 Q0 AP891026-0274 40 -68.8369177457083 Laplace
57 Q0 AP890825-0050 41 -68.8724220264198 Laplace
57 Q0 AP890728-0225 42 -68.8729270131642 Laplace
57 Q0 AP891027-0042 43 -68.8745138377211 Laplace
57 Q0 AP890828-0174 44 -68.8783709562501 Laplace
57 Q0 AP890408-0099 45 -68.890143254334 Laplace
57 Q0 AP891012-0325 46 -68.9120755879561 Laplace
57 Q0 AP891018-0156 47 -68.9121116572452 Laplace
57 Q0 AP891207-0220 48 -68.9541959402992 Laplace
57 Q0 AP891102-0183 49 -68.9547728980495 Laplace
57 Q0 AP890126-0252 50 -68.9550974124049 Laplace
57 Q0 AP890311-0118 51 -68.9600711025909 Laplace
57 Q0 AP890411-0136 52 -68.961007713263 Laplace
57 Q0 AP890814-0250 53 -68.9649686798826 Laplace
57 Q0 AP890606-0193 54 -69.036373116865 Laplace
57 Q0 AP890210-0090 55 -69.0390071567607 Laplace
57 Q0 AP890428-0233 56 -69.0443438559316 Laplace
57 Q0 AP890504-0172 57 -69.08347055527 Laplace
57 Q0 AP890123-0201 58 -69.094178888316 Laplace
57 Q0 AP890527-0075 59 -69.094395021454 Laplace
57 Q0 AP890806-0011 60 -69.1361568703237 Laplace
57 Q0 AP890205-0051 61 -69.1367338627511 Laplace
57 Q0 AP890808-0134 62 -69.1371305128608 Laplace
57 Q0 AP890922-0254 63 -69.1407352207176 Laplace
57 Q0 AP890316-0265 64 -69.1416000284495 Laplace
57 Q0 AP890116-0013 65 -69.1446258742795 Laplace
57 Q0 AP890816-0254 66 -69.1874501647113 Laplace
57 Q0 AP890327-0190 67 -69.1961352421321 Laplace
57 Q0 AP890215-0215 68 -69.2000232344921 Laplace
57 Q0 AP890706-0274 69 -69.2368633563148 Laplace
57 Q0 AP891018-0138 70 -69.2395696267892 Laplace
57 Q0 AP890501-0072 71 -69.2415173859816 Laplace
57 Q0 AP890821-0092 72 -69.2421664985611 Laplace
57 Q0 AP890122-0038 73 -69.2448703786748 Laplace
57 Q0 AP890210-0046 74 -69.2454470487659 Laplace
57 Q0 AP890421-0266 75 -69.2461678084475 Laplace
57 Q0 AP891016-0263 76 -69.2471406966966 Laplace
57 Q0 AP891011-0219 77 -69.2494821882564 Laplace
57 Q0 AP890802-0221 78 -69.2522187739332 Laplace
57 Q0 AP890807-0059 79 -69.2522907724932 Laplace
57 Q0 AP890811-0091 80 -69.299829729195 Laplace
57 Q0 AP890818-0210 81 -69.3055600272276 Laplace
57 Q0 AP890820-0065 82 -69.3065325533664 Laplace
57 Q0 AP890829-0203 83 -69.3515055882268 Laplace
57 Q0 AP890124-0263 84 -69.3557651317682 Laplace
57 Q0 AP890517-0274 85 -69.355945554137 Laplace
57 Q0 AP890829-0222 86 -69.3560538049541 Laplace
57 Q0 AP891229-0212 87 -69.356198136339 Laplace
57 Q0 AP890428-0213 88 -69.3581101994893 Laplace
57 Q0 AP890425-0156 89 -69.3583266210786 Laplace
57 Q0 AP890214-0046 90 -69.3597692322117 Laplace
57 Q0 AP891009-0062 91 -69.3603822369269 Laplace
57 Q0 AP891014-0037 92 -69.3604904077286 Laplace
57 Q0 AP890619-0182 93 -69.3604904077286 Laplace
57 Q0 AP891215-0155 94 -69.3608149084333 Laplace
57 Q0 AP890421-0203 95 -69.3609230714349 Laplace
57 Q0 AP890617-0089 96 -69.3614999078482 Laplace
57 Q0 AP890728-0297 97 -69.3620406416243 Laplace
57 Q0 AP890131-0070 98 -69.3631219630019 Laplace
57 Q0 AP890726-0139 99 -69.3641310204966 Laplace
57 Q0 AP890806-0066 100 -69.3643832583569 Laplace
57 Q0 AP891117-0239 101 -69.3649237323529 Laplace
57 Q0 AP890815-0220 102 -69.364923732353 Laplace
57 Q0 AP891008-0072 103 -69.3656803141654 Laplace
57 Q0 AP890110-0308 104 -69.3657523646007 Laplace
57 Q0 AP890726-0163 105 -69.3669410718854 Laplace
57 Q0 AP890721-0096 106 -69.371765525644 Laplace
57 Q0 AP890715-0047 107 -69.3780602826892 Laplace
57 Q0 AP890616-0095 108 -69.4198345293546 Laplace
57 Q0 AP891129-0108 109 -69.4207727397803 Laplace
57 Q0 AP890601-0333 110 -69.4266873036695 Laplace
57 Q0 AP890621-0236 111 -69.4280929581312 Laplace
57 Q0 AP890810-0180 112 -69.4300747318366 Laplace
57 Q0 AP890501-0225 113 -69.4319117918346 Laplace
57 Q0 AP890712-0090 114 -69.433100178064 Laplace
57 Q0 AP890919-0168 115 -69.4861563063706 Laplace
57 Q0 AP891117-0268 116 -69.4876002888813 Laplace
57 Q0 AP891227-0192 117 -69.4904150556321 Laplace
57 Q0 AP890301-0312 118 -69.4909562055761 Laplace
57 Q0 AP890316-0242 119 -69.4912447989241 Laplace
57 Q0 AP890106-0047 120 -69.4918580137031 Laplace
57 Q0 AP890607-0026 121 -69.4929039413504 Laplace
57 Q0 AP890813-0013 122 -69.4936251645458 Laplace
57 Q0 AP890502-0083 123 -69.4939857436359 Laplace
57 Q0 AP891211-0073 124 -69.4940218003532 Laplace
57 Q0 AP890720-0081 125 -69.4951394511266 Laplace
57 Q0 AP891013-0110 126 -69.4954999392276 Laplace
57 Q0 AP890601-0332 127 -69.4956441284038 Laplace
57 Q0 AP891026-0091 128 -69.49661731472 Laplace
57 Q0 AP890821-0221 129 -69.4970858296181 Laplace
57 Q0 AP890808-0206 130 -69.4987073295154 Laplace
57 Q0 AP890407-0182 131 -69.4990676033236 Laplace
57 Q0 AP890406-0194 132 -69.5015168916833 Laplace
57 Q0 AP890721-0005 133 -69.5020210328431 Laplace
57 Q0 AP890824-0191 134 -69.503353202034 Laplace
57 Q0 AP890921-0247 135 -69.5638735834209 Laplace
57 Q0 AP890201-0272 136 -69.565172401862 Laplace
57 Q0 AP890524-0023 137 -69.5654609900047 Laplace
57 Q0 AP890428-0015 138 -69.5673725359385 Laplace
57 Q0 AP890608-0137 139 -69.5697521005575 Laplace
57 Q0 AP890209-0262 140 -69.5713379528422 Laplace
57 Q0 AP891002-0217 141 -69.5721307218293 Laplace
57 Q0 AP890816-0012 142 -69.572346913375 Laplace
57 Q0 AP890815-0257 143 -69.5752287232069 Laplace
57 Q0 AP890310-0343 144 -69.5759489594453 Laplace
57 Q0 AP890608-0203 145 -69.5794408792297 Laplace
57 Q0 AP890731-0197 146 -69.580088640854 Laplace
57 Q0 AP890203-0226 147 -69.6394765388683 Laplace
57 Q0 AP890827-0004 148 -69.642472829667 Laplace
57 Q0 AP890124-0150 149 -69.6427254604862 Laplace
57 Q0 AP890914-0132 150 -69.6436276265887 Laplace
57 Q0 AP891013-0107 151 -69.6440606181396 Laplace
57 Q0 AP890310-0159 152 -69.6441327803602 Laplace
57 Q0 AP890527-0029 153 -69.6441688611451 Laplace
57 Q0 AP890322-0001 154 -69.6444574996135 Laplace
57 Q0 AP890212-0046 155 -69.6446739693528 Laplace
57 Q0 AP890426-0195 156 -69.6450347348974 Laplace
57 Q0 AP890808-0019 157 -69.6450708102588 Laplace
57 Q0 AP891113-0117 158 -69.6453233317157 Laplace
57 Q0 AP890407-0082 159 -69.645684058219 Laplace
57 Q0 AP890424-0003 160 -69.6457201296765 Laplace
57 Q0 AP890308-0025 161 -69.6457201296765 Laplace
57 Q0 AP890314-0032 162 -69.6464054461703 Laplace
57 Q0 AP891208-0012 163 -69.6464415132912 Laplace
57 Q0 AP890211-0152 164 -69.6466939770672 Laplace
57 Q0 AP890918-0257 165 -69.6468382373127 Laplace
57 Q0 AP890805-0046 166 -69.6469103661347 Laplace
57 Q0 AP890103-0216 167 -69.6469464302206 Laplace
57 Q0 AP891226-0139 168 -69.6471628101838 Laplace
57 Q0 AP891115-0110 169 -69.6471988727524 Laplace
57 Q0 AP890929-0239 170 -69.6472709972393 Laplace
57 Q0 AP891107-0266 171 -69.6474873654981 Laplace
57 Q0 AP891230-0088 172 -69.6478119032572 Laplace
57 Q0 AP890428-0075 173 -69.6479200786095 Laplace
57 Q0 AP890421-0282 174 -69.6482085366809 Laplace
57 Q0 AP890416-0059 175 -69.6482085366809 Laplace
57 Q0 AP890325-0018 176 -69.6482445929648 Laplace
57 Q0 AP890812-0044 177 -69.6484969808851 Laplace
57 Q0 AP891031-0040 178 -69.6488575166413 Laplace
57 Q0 AP890310-0231 179 -69.649109878781 Laplace
57 Q0 AP890427-0051 180 -69.6495424748987 Laplace
57 Q0 AP891018-0214 181 -69.6496145712193 Laplace
57 Q0 AP891214-0098 182 -69.6497587612618 Laplace
57 Q0 AP891003-0052 183 -69.649794808231 Laplace
57 Q0 AP890917-0082 184 -69.6499389939422 Laplace
57 Q0 AP890102-0085 185 -69.6507319534244 Laplace
57 Q0 AP890611-0023 186 -69.6507679945473 Laplace
57 Q0 AP890410-0007 187 -69.6509842367386 Laplace
57 Q0 AP890819-0024 188 -69.6509842367386 Laplace
57 Q0 AP890317-0214 189 -69.6513085854134 Laplace
57 Q0 AP890405-0248 190 -69.6515608444836 Laplace
57 Q0 AP890721-0217 191 -69.6519932639306 Laplace
57 Q0 AP890823-0241 192 -69.6526418346735 Laplace
57 Q0 AP890131-0210 193 -69.6527138937619 Laplace
57 Q0 AP891106-0079 194 -69.6529660937566 Laplace
57 Q0 AP891230-0112 195 -69.6539747877404 Laplace
57 Q0 AP891115-0012 196 -69.6549112803374 Laplace
57 Q0 AP891207-0258 197 -69.6555955478868 Laplace
57 Q0 AP890315-0232 198 -69.6560276766613 Laplace
57 Q0 AP890105-0164 199 -69.6560276766613 Laplace
57 Q0 AP890412-0225 200 -69.6566398058211 Laplace
57 Q0 AP890716-0049 201 -69.6568558364975 Laplace
57 Q0 AP890918-0017 202 -69.6571798679286 Laplace
57 Q0 AP890109-0331 203 -69.6578278782974 Laplace
57 Q0 AP890814-0193 204 -69.6583678334815 Laplace
57 Q0 AP891005-0255 205 -69.6593396303781 Laplace
57 Q0 AP890829-0198 206 -69.6631173449856 Laplace
57 Q0 AP890815-0110 207 -69.7283291874328 Laplace
57 Q0 AP890523-0247 208 -69.7303142394082 Laplace
57 Q0 AP890801-0229 209 -69.732118262393 Laplace
57 Q0 AP890105-0263 210 -69.7323707823316 Laplace
57 Q0 AP891127-0071 211 -69.73302007052 Laplace
57 Q0 AP890504-0194 212 -69.7350396290011 Laplace
57 Q0 AP890127-0290 213 -69.7363375577282 Laplace
57 Q0 AP890830-0198 214 -69.7368061852206 Laplace
57 Q0 AP890317-0207 215 -69.7368061852207 Laplace
57 Q0 AP890501-0164 216 -69.7384280747318 Laplace
57 Q0 AP890317-0259 217 -69.7385722214732 Laplace
57 Q0 AP890314-0228 218 -69.745703160259 Laplace
57 Q0 AP890928-0230 219 -69.7461710568541 Laplace
57 Q0 AP890426-0240 220 -69.8210758741079 Laplace
57 Q0 AP890301-0052 221 -69.8233866771405 Laplace
57 Q0 AP890524-0211 222 -69.8236032693035 Laplace
57 Q0 AP891114-0250 223 -69.8241086206132 Laplace
57 Q0 AP890425-0307 224 -69.8242529988843 Laplace
57 Q0 AP890320-0086 225 -69.8246139293631 Laplace
57 Q0 AP890412-0123 226 -69.8255161605826 Laplace
57 Q0 AP890302-0314 227 -69.8258409306125 Laplace
57 Q0 AP890513-0112 228 -69.8259852672054 Laplace
57 Q0 AP890820-0009 229 -69.8263460934977 Laplace
57 Q0 AP890421-0125 230 -69.8267068980921 Laplace
57 Q0 AP890713-0142 231 -69.8272841403178 Laplace
57 Q0 AP890320-0159 232 -69.8273923670528 Laplace
57 Q0 AP891115-0151 233 -69.8274284421973 Laplace
57 Q0 AP891010-0264 234 -69.8274645171249 Laplace
57 Q0 AP890609-0240 235 -69.8275005918357 Laplace
57 Q0 AP891124-0192 236 -69.8275366663295 Laplace
57 Q0 AP890228-0225 237 -69.8276809621359 Laplace
57 Q0 AP891129-0177 238 -69.8282581106619 Laplace
57 Q0 AP890209-0216 239 -69.8287991369892 Laplace
57 Q0 AP890508-0174 240 -69.8287991369892 Laplace
57 Q0 AP891130-0013 241 -69.8290515992477 Laplace
57 Q0 AP890817-0042 242 -69.8291597941066 Laplace
57 Q0 AP890312-0088 243 -69.8295564918982 Laplace
57 Q0 AP890423-0030 244 -69.8297007391379 Laplace
57 Q0 AP890906-0262 245 -69.8298810433111 Laplace
57 Q0 AP890718-0260 246 -69.8300252827486 Laplace
57 Q0 AP891010-0279 247 -69.8302055771694 Laplace
57 Q0 AP891207-0038 248 -69.8302416354034 Laplace
57 Q0 AP890405-0129 249 -69.8303137512214 Laplace
57 Q0 AP891107-0184 250 -69.8307103727275 Laplace
57 Q0 AP891115-0174 251 -69.8308545922296 Laplace
57 Q0 AP891214-0052 252 -69.8310348617325 Laplace
57 Q0 AP890516-0181 253 -69.8311069680172 Laplace
57 Q0 AP891116-0034 254 -69.8312151258194 Laplace
57 Q0 AP890310-0135 255 -69.8312511779869 Laplace
57 Q0 AP890218-0050 256 -69.8312511779869 Laplace
57 Q0 AP891219-0245 257 -69.8317198364523 Laplace
57 Q0 AP891209-0082 258 -69.8319361280133 Laplace
57 Q0 AP890701-0034 259 -69.8319721758488 Laplace
57 Q0 AP890130-0026 260 -69.8320803180558 Laplace
57 Q0 AP891207-0066 261 -69.8322605507362 Laplace
57 Q0 AP890517-0218 262 -69.8329093435617 Laplace
57 Q0 AP891212-0062 263 -69.832981427323 Laplace
57 Q0 AP890407-0163 264 -69.8330174688789 Laplace
57 Q0 AP891003-0025 265 -69.8337382545361 Laplace
57 Q0 AP891030-0212 266 -69.8339184374218 Laplace
57 Q0 AP890426-0087 267 -69.8342787869609 Laplace
57 Q0 AP890728-0207 268 -69.8344229207171 Laplace
57 Q0 AP890117-0048 269 -69.8349273615987 Laplace
57 Q0 AP891002-0145 270 -69.8349633914675 Laplace
57 Q0 AP890115-0011 271 -69.8350354505559 Laplace
57 Q0 AP891220-0294 272 -69.8367646091041 Laplace
57 Q0 AP890407-0012 273 -69.8368366465636 Laplace
57 Q0 AP891104-0016 274 -69.8374849447814 Laplace
57 Q0 AP890204-0020 275 -69.8376650151889 Laplace
57 Q0 AP890813-0024 276 -69.8393214094213 Laplace
57 Q0 AP890318-0121 277 -69.8411933046103 Laplace
57 Q0 AP890721-0004 278 -69.8523046519648 Laplace
57 Q0 AP890401-0112 279 -69.9279890586497 Laplace
57 Q0 AP890802-0247 280 -69.9287110933443 Laplace
57 Q0 AP890614-0234 281 -69.9303353537893 Laplace
57 Q0 AP890215-0054 282 -69.9305879770109 Laplace
57 Q0 AP891018-0246 283 -69.9309127626675 Laplace
57 Q0 AP890912-0279 284 -69.9311292766717 Laplace
57 Q0 AP891221-0211 285 -69.931634445633 Laplace
57 Q0 AP890314-0249 286 -69.9316705275028 Laplace
57 Q0 AP890221-0063 287 -69.9317426905913 Laplace
57 Q0 AP891129-0155 288 -69.9317787718102 Laplace
57 Q0 AP890603-0119 289 -69.9318509335969 Laplace
57 Q0 AP890118-0178 290 -69.9318870141648 Laplace
57 Q0 AP891204-0021 291 -69.9328250327828 Laplace
57 Q0 AP890526-0254 292 -69.9330414777937 Laplace
57 Q0 AP891024-0231 293 -69.9335104151998 Laplace
57 Q0 AP890612-0103 294 -69.9343760495189 Laplace
57 Q0 AP890525-0088 295 -69.9345563742839 Laplace
57 Q0 AP890120-0017 296 -69.9352054985678 Laplace
57 Q0 AP890304-0138 297 -69.9352415589689 Laplace
57 Q0 AP890521-0027 298 -69.9352776191534 Laplace
57 Q0 AP890526-0029 299 -69.9357463818305 Laplace
57 Q0 AP890130-0076 300 -69.9357824389811 Laplace
57 Q0 AP890714-0241 301 -69.9366477455956 Laplace
57 Q0 AP890210-0167 302 -69.9368280021006 Laplace
57 Q0 AP890628-0152 303 -69.9371884988652 Laplace
57 Q0 AP890926-0075 304 -69.9378012936606 Laplace
57 Q0 AP891103-0248 305 -69.9378012936606 Laplace
57 Q0 AP890911-0065 306 -69.9380175592348 Laplace
57 Q0 AP890206-0062 307 -69.9383419429808 Laplace
57 Q0 AP890921-0217 308 -69.9387383881889 Laplace
57 Q0 AP890725-0273 309 -69.9388104663216 Laplace
57 Q0 AP890404-0023 310 -69.9398555019546 Laplace
57 Q0 AP890807-0152 311 -69.9412606077793 Laplace
57 Q0 AP891004-0195 312 -69.9414407257566 Laplace
57 Q0 AP890124-0034 313 -69.9419450273292 Laplace
57 Q0 AP890722-0062 314 -69.942305216789 Laplace
57 Q0 AP890224-0116 315 -69.9423772520863 Laplace
57 Q0 AP890913-0300 316 -69.9428814749531 Laplace
57 Q0 AP890508-0013 317 -69.9451859543131 Laplace
57 Q0 AP890130-0199 318 -69.9457979328944 Laplace
57 Q0 AP890905-0173 319 -69.9466258045756 Laplace
57 Q0 AP890121-0161 320 -69.9468417523162 Laplace
57 Q0 AP890421-0243 321 -69.9474175749633 Laplace
57 Q0 AP890116-0010 322 -69.9498642048845 Laplace
57 Q0 AP890112-0232 323 -69.9501519781192 Laplace
57 Q0 AP890524-0260 324 -69.952309837546 Laplace
57 Q0 AP891205-0196 325 -70.0440749706785 Laplace
57 Q0 AP890906-0133 326 -70.0453388317789 Laplace
57 Q0 AP891129-0067 327 -70.0459526111257 Laplace
57 Q0 AP891017-0249 328 -70.0469995015929 Laplace
57 Q0 AP890217-0188 329 -70.0470355980065 Laplace
57 Q0 AP891201-0066 330 -70.0470716942028 Laplace
57 Q0 AP890210-0249 331 -70.0475048316219 Laplace
57 Q0 AP890829-0253 332 -70.0475409249954 Laplace
57 Q0 AP890724-0057 333 -70.0479018467898 Laplace
57 Q0 AP890319-0089 334 -70.0479379377752 Laplace
57 Q0 AP891113-0167 335 -70.0481905685944 Laplace
57 Q0 AP890830-0219 336 -70.0481905685944 Laplace
57 Q0 AP890403-0151 337 -70.0482266578431 Laplace
57 Q0 AP890303-0187 338 -70.0482988356893 Laplace
57 Q0 AP890917-0024 339 -70.0485514513136 Laplace
57 Q0 AP890418-0288 340 -70.0486597118968 Laplace
57 Q0 AP890719-0004 341 -70.0487679705267 Laplace
57 Q0 AP890926-0248 342 -70.0489123123281 Laplace
57 Q0 AP890722-0124 343 -70.0490205664004 Laplace
57 Q0 AP890929-0091 344 -70.0490205664004 Laplace
57 Q0 AP890405-0191 345 -70.0492731516405 Laplace
57 Q0 AP890628-0010 346 -70.0493092343782 Laplace
57 Q0 AP891104-0036 347 -70.0493453168989 Laplace
57 Q0 AP890809-0107 348 -70.0493813992026 Laplace
57 Q0 AP891101-0152 349 -70.0495257262477 Laplace
57 Q0 AP890720-0250 350 -70.0497782902231 Laplace
57 Q0 AP890427-0106 351 -70.0498865286724 Laplace
57 Q0 AP890913-0055 352 -70.0505719935115 Laplace
57 Q0 AP891019-0294 353 -70.0506441431499 Laplace
57 Q0 AP890915-0021 354 -70.0507523659807 Laplace
57 Q0 AP890226-0055 355 -70.0511130946527 Laplace
57 Q0 AP890731-0221 356 -70.0511491663271 Laplace
57 Q0 AP890817-0220 357 -70.0511852377847 Laplace
57 Q0 AP890602-0071 358 -70.0513655918197 Laplace
57 Q0 AP891219-0228 359 -70.0514016619761 Laplace
57 Q0 AP890807-0175 360 -70.0514738016385 Laplace
57 Q0 AP891011-0230 361 -70.0517262836267 Laplace
57 Q0 AP890223-0073 362 -70.0517623516148 Laplace
57 Q0 AP890926-0096 363 -70.0517984193862 Laplace
57 Q0 AP890926-0185 364 -70.0518344869407 Laplace
57 Q0 AP891109-0131 365 -70.0518705542784 Laplace
57 Q0 AP890818-0013 366 -70.052050887715 Laplace
57 Q0 AP891111-0083 367 -70.0520869537519 Laplace
57 Q0 AP890309-0125 368 -70.0521951505619 Laplace
57 Q0 AP890210-0060 369 -70.0522312157317 Laplace
57 Q0 AP890717-0208 370 -70.0523394099402 Laplace
57 Q0 AP891225-0052 371 -70.0523754742429 Laplace
57 Q0 AP890727-0154 372 -70.052627918292 Laplace
57 Q0 AP890104-0211 373 -70.0526639808606 Laplace
57 Q0 AP890419-0137 374 -70.0526639808606 Laplace
57 Q0 AP891218-0142 375 -70.0527721672657 Laplace
57 Q0 AP890716-0037 376 -70.0528803517202 Laplace
57 Q0 AP891031-0055 377 -70.0529524736062 Laplace
57 Q0 AP890318-0008 378 -70.0530967147775 Laplace
57 Q0 AP890109-0011 379 -70.0531327745285 Laplace
57 Q0 AP890222-0029 380 -70.0531327745285 Laplace
57 Q0 AP890802-0144 381 -70.0531688340628 Laplace
57 Q0 AP891002-0074 382 -70.0531688340628 Laplace
57 Q0 AP891206-0031 383 -70.0532409524812 Laplace
57 Q0 AP891214-0015 384 -70.0533130700328 Laplace
57 Q0 AP891109-0225 385 -70.0533491284836 Laplace
57 Q0 AP890131-0147 386 -70.053421244735 Laplace
57 Q0 AP890718-0118 387 -70.0536375882886 Laplace
57 Q0 AP891208-0234 388 -70.053709701073 Laplace
57 Q0 AP890414-0187 389 -70.053709701073 Laplace
57 Q0 AP891207-0134 390 -70.0537457571401 Laplace
57 Q0 AP891102-0238 391 -70.0539981435438 Laplace
57 Q0 AP890425-0096 392 -70.0539981435438 Laplace
57 Q0 AP890725-0124 393 -70.0540702519949 Laplace
57 Q0 AP891203-0017 394 -70.0541063058955 Laplace
57 Q0 AP890717-0210 395 -70.0541784130467 Laplace
57 Q0 AP890505-0015 396 -70.0542144662973 Laplace
57 Q0 AP891003-0202 397 -70.0542505193313 Laplace
57 Q0 AP891002-0264 398 -70.0543226247495 Laplace
57 Q0 AP890324-0214 399 -70.0543586771336 Laplace
57 Q0 AP890116-0056 400 -70.0543947293011 Laplace
57 Q0 AP890130-0269 401 -70.0544307812519 Laplace
57 Q0 AP890824-0065 402 -70.0544307812519 Laplace
57 Q0 AP890726-0188 403 -70.0545749868892 Laplace
57 Q0 AP890717-0114 404 -70.0547912888467 Laplace
57 Q0 AP891116-0194 405 -70.0550075830068 Laplace
57 Q0 AP890228-0126 406 -70.0550796793275 Laplace
57 Q0 AP890919-0216 407 -70.0551878221842 Laplace
57 Q0 AP890619-0058 408 -70.05551223906 Laplace
57 Q0 AP891111-0096 409 -70.0555482842968 Laplace
57 Q0 AP890131-0030 410 -70.0555482842968 Laplace
57 Q0 AP891205-0144 411 -70.0556564187078 Laplace
57 Q0 AP890103-0109 412 -70.0558366383956 Laplace
57 Q0 AP890203-0243 413 -70.0558366383956 Laplace
57 Q0 AP890414-0016 414 -70.0558726816836 Laplace
57 Q0 AP890121-0037 415 -70.0559087247551 Laplace
57 Q0 AP891129-0017 416 -70.0559087247551 Laplace
57 Q0 AP890706-0090 417 -70.0559087247551 Laplace
57 Q0 AP890113-0025 418 -70.0559447676101 Laplace
57 Q0 AP890316-0244 419 -70.0560889368648 Laplace
57 Q0 AP890419-0273 420 -70.0561249786372 Laplace
57 Q0 AP891006-0092 421 -70.0562691435619 Laplace
57 Q0 AP891127-0101 422 -70.0563412247253 Laplace
57 Q0 AP890212-0068 423 -70.0563772649822 Laplace
57 Q0 AP890502-0004 424 -70.056593501978 Laplace
57 Q0 AP890421-0204 425 -70.0566295407196 Laplace
57 Q0 AP890609-0162 426 -70.0567736935216 Laplace
57 Q0 AP891116-0019 427 -70.0568457686239 Laplace
57 Q0 AP890201-0297 428 -70.0571700958701 Laplace
57 Q0 AP891108-0243 429 -70.0571700958702 Laplace
57 Q0 AP890615-0088 430 -70.0572061311487 Laplace
57 Q0 AP890412-0217 431 -70.0572421662108 Laplace
57 Q0 AP890822-0213 432 -70.057494405586 Laplace
57 Q0 AP890503-0017 433 -70.0578186977733 Laplace
57 Q0 AP891212-0043 434 -70.0582150310898 Laplace
57 Q0 AP890406-0217 435 -70.0583591458051 Laplace
57 Q0 AP890817-0121 436 -70.058503257059 Laplace
57 Q0 AP891110-0184 437 -70.0587194174501 Laplace
57 Q0 AP890926-0157 438 -70.0591517148709 Laplace
57 Q0 AP890422-0085 439 -70.05918773825 Laplace
57 Q0 AP891211-0176 440 -70.0592597843596 Laplace
57 Q0 AP890720-0251 441 -70.0593678519018 Laplace
57 Q0 AP890826-0078 442 -70.0594398958486 Laplace
57 Q0 AP890316-0258 443 -70.0596200019311 Laplace
57 Q0 AP890810-0191 444 -70.0605924813656 Laplace
57 Q0 AP890412-0175 445 -70.0608445799361 Laplace
57 Q0 AP890812-0140 446 -70.0611686911064 Laplace
57 Q0 AP891212-0192 447 -70.0612047023779 Laplace
57 Q0 AP890309-0279 448 -70.0612407134333 Laplace
57 Q0 AP890516-0199 449 -70.0612767242725 Laplace
57 Q0 AP891016-0243 450 -70.0613127348957 Laplace
57 Q0 AP891229-0004 451 -70.0613127348957 Laplace
57 Q0 AP891028-0014 452 -70.0614207654683 Laplace
57 Q0 AP890530-0127 453 -70.0614927847695 Laplace
57 Q0 AP890125-0309 454 -70.0617088374864 Laplace
57 Q0 AP890208-0128 455 -70.0617808533299 Laplace
57 Q0 AP891006-0114 456 -70.061852868309 Laplace
57 Q0 AP891208-0172 457 -70.0619968956742 Laplace
57 Q0 AP891126-0019 458 -70.0621409195822 Laplace
57 Q0 AP890410-0114 459 -70.0624289570271 Laplace
57 Q0 AP890311-0158 460 -70.0624649607355 Laplace
57 Q0 AP890821-0200 461 -70.0626089734086 Laplace
57 Q0 AP890809-0269 462 -70.0627889843893 Laplace
57 Q0 AP890714-0215 463 -70.0636889582917 Laplace
57 Q0 AP890722-0018 464 -70.0659922765378 Laplace
57 Q0 AP890316-0251 465 -70.0664960095596 Laplace
57 Q0 AP891211-0265 466 -70.067611267916 Laplace
57 Q0 AP890616-0184 467 -70.0682947109107 Laplace
57 Q0 AP891018-0192 468 -70.070236702908 Laplace
57 Q0 AP890207-0122 469 -70.1787980109404 Laplace
57 Q0 AP890127-0159 470 -70.1793756943102 Laplace
57 Q0 AP890323-0105 471 -70.1795923112352 Laplace
57 Q0 AP890324-0056 472 -70.179736718174 Laplace
57 Q0 AP891026-0263 473 -70.1798811216372 Laplace
57 Q0 AP890117-0238 474 -70.17991722196 Laplace
57 Q0 AP891206-0073 475 -70.1807835645519 Laplace
57 Q0 AP890215-0044 476 -70.1808557541217 Laplace
57 Q0 AP890130-0104 477 -70.1817219612189 Laplace
57 Q0 AP890131-0153 478 -70.1826602111441 Laplace
57 Q0 AP890510-0094 479 -70.1830210374364 Laplace
57 Q0 AP890106-0149 480 -70.1831292810929 Laplace
57 Q0 AP890510-0095 481 -70.1832736029306 Laplace
57 Q0 AP891002-0159 482 -70.183417921297 Laplace
57 Q0 AP890211-0129 483 -70.1834900791784 Laplace
57 Q0 AP890112-0051 484 -70.1834900791784 Laplace
57 Q0 AP891213-0112 485 -70.1835261577937 Laplace
57 Q0 AP890810-0226 486 -70.1841755357744 Laplace
57 Q0 AP891107-0206 487 -70.1845362709528 Laplace
57 Q0 AP890506-0014 488 -70.1846805589517 Laplace
57 Q0 AP891004-0109 489 -70.1849330546007 Laplace
57 Q0 AP890817-0189 490 -70.185041263769 Laplace
57 Q0 AP890608-0095 491 -70.185041263769 Laplace
57 Q0 AP890719-0121 492 -70.1853658795652 Laplace
57 Q0 AP891117-0178 493 -70.1854019469029 Laplace
57 Q0 AP890201-0118 494 -70.1856904777999 Laplace
57 Q0 AP890212-0033 495 -70.1857986733091 Laplace
57 Q0 AP890718-0276 496 -70.1861593109165 Laplace
57 Q0 AP890309-0274 497 -70.1861953734851 Laplace
57 Q0 AP891109-0234 498 -70.1862314358369 Laplace
57 Q0 AP890329-0137 499 -70.186267497972 Laplace
57 Q0 AP890719-0197 500 -70.186267497972 Laplace
57 Q0 AP890915-0016 501 -70.1863035598903 Laplace
57 Q0 AP891012-0266 502 -70.1864478053961 Laplace
57 Q0 AP890922-0045 503 -70.1865199268487 Laplace
57 Q0 AP891229-0143 504 -70.1865199268487 Laplace
57 Q0 AP891006-0129 505 -70.1867723451058 Laplace
57 Q0 AP890614-0142 506 -70.1868444626574 Laplace
57 Q0 AP891101-0213 507 -70.1868805211081 Laplace
57 Q0 AP890622-0184 508 -70.1869165793422 Laplace
57 Q0 AP890921-0068 509 -70.1869526373595 Laplace
57 Q0 AP890102-0139 510 -70.1872050374136 Laplace
57 Q0 AP890417-0111 511 -70.1872410936975 Laplace
57 Q0 AP890726-0290 512 -70.1872410936975 Laplace
57 Q0 AP891116-0181 513 -70.1872771497647 Laplace
57 Q0 AP890814-0061 514 -70.1875655905022 Laplace
57 Q0 AP890405-0047 515 -70.1876737522039 Laplace
57 Q0 AP890330-0246 516 -70.1877819119559 Laplace
57 Q0 AP890525-0159 517 -70.1878179647733 Laplace
57 Q0 AP890313-0156 518 -70.1881424303815 Laplace
57 Q0 AP890420-0276 519 -70.1881424303815 Laplace
57 Q0 AP890411-0183 520 -70.1883587310394 Laplace
57 Q0 AP890918-0029 521 -70.1883587310394 Laplace
57 Q0 AP890920-0175 522 -70.1883587310394 Laplace
57 Q0 AP891004-0132 523 -70.188394780391 Laplace
57 Q0 AP891025-0277 524 -70.1886471197875 Laplace
57 Q0 AP890130-0034 525 -70.1886831674064 Laplace
57 Q0 AP890710-0242 526 -70.1886831674064 Laplace
57 Q0 AP891107-0273 527 -70.188899448572 Laplace
57 Q0 AP890326-0086 528 -70.1889715405613 Laplace
57 Q0 AP890219-0045 529 -70.189223855703 Laplace
57 Q0 AP891007-0101 530 -70.1892959437946 Laplace
57 Q0 AP890505-0076 531 -70.1894761602346 Laplace
57 Q0 AP891016-0275 532 -70.189512202873 Laplace
57 Q0 AP890809-0068 533 -70.1895842875004 Laplace
57 Q0 AP891130-0201 534 -70.1896563712617 Laplace
57 Q0 AP890221-0170 535 -70.1900888556444 Laplace
57 Q0 AP890721-0182 536 -70.1907014884947 Laplace
57 Q0 AP890403-0007 537 -70.1910257982105 Laplace
57 Q0 AP890205-0015 538 -70.1912059627007 Laplace
57 Q0 AP890715-0060 539 -70.1912780269821 Laplace
57 Q0 AP890209-0090 540 -70.1913500903979 Laplace
57 Q0 AP890101-0002 541 -70.1916023055374 Laplace
57 Q0 AP890306-0187 542 -70.1919265665676 Laplace
57 Q0 AP890829-0015 543 -70.1922508100746 Laplace
57 Q0 AP890728-0091 544 -70.1925750360602 Laplace
57 Q0 AP890319-0063 545 -70.1931513945556 Laplace
57 Q0 AP891101-0038 546 -70.1931874151233 Laplace
57 Q0 AP891007-0112 547 -70.1932954755291 Laplace
57 Q0 AP890324-0245 548 -70.1934755718807 Laplace
57 Q0 AP891012-0164 549 -70.1940518438815 Laplace
57 Q0 AP891129-0239 550 -70.1942319175316 Laplace
57 Q0 AP890110-0263 551 -70.1942679316132 Laplace
57 Q0 AP890208-0105 552 -70.1947000837309 Laplace
57 Q0 AP891120-0178 553 -70.1958523372302 Laplace
57 Q0 AP891220-0281 554 -70.1960683601286 Laplace
57 Q0 AP891106-0098 555 -70.1969323739544 Laplace
57 Q0 AP890725-0272 556 -70.1990198938458 Laplace
57 Q0 AP890110-0282 557 -70.1998475023883 Laplace
57 Q0 AP890822-0202 558 -70.20056706921 Laplace
57 Q0 AP890207-0220 559 -70.2008548717775 Laplace
57 Q0 AP890716-0101 560 -70.3322987304868 Laplace
57 Q0 AP891106-0058 561 -70.3325876104151 Laplace
57 Q0 AP890209-0249 562 -70.3327681533076 Laplace
57 Q0 AP890816-0056 563 -70.3330209042307 Laplace
57 Q0 AP890816-0024 564 -70.3332736445069 Laplace
57 Q0 AP891026-0239 565 -70.3334902705563 Laplace
57 Q0 AP890106-0147 566 -70.3337068887847 Laplace
57 Q0 AP891011-0081 567 -70.3337429910625 Laplace
57 Q0 AP891219-0042 568 -70.3338151949663 Laplace
57 Q0 AP890724-0248 569 -70.3338512965924 Laplace
57 Q0 AP891003-0194 570 -70.3339234991928 Laplace
57 Q0 AP891225-0076 571 -70.3341040018929 Laplace
57 Q0 AP890422-0133 572 -70.3343205979653 Laplace
57 Q0 AP890921-0186 573 -70.3346815740447 Laplace
57 Q0 AP890308-0288 574 -70.3347898626338 Laplace
57 Q0 AP890519-0154 575 -70.3348259583959 Laplace
57 Q0 AP891006-0069 576 -70.3348981492685 Laplace
57 Q0 AP891025-0074 577 -70.3350425284082 Laplace
57 Q0 AP890509-0174 578 -70.3350425284082 Laplace
57 Q0 AP890401-0136 579 -70.3352229974472 Laplace
57 Q0 AP890404-0128 580 -70.335295183543 Laplace
57 Q0 AP891002-0345 581 -70.3353312762652 Laplace
57 Q0 AP891208-0146 582 -70.3353673687703 Laplace
57 Q0 AP890513-0118 583 -70.3353673687703 Laplace
57 Q0 AP890407-0065 584 -70.3355117366196 Laplace
57 Q0 AP891106-0088 585 -70.3355478280391 Laplace
57 Q0 AP891010-0008 586 -70.3357643719976 Laplace
57 Q0 AP891207-0162 587 -70.3358004618975 Laplace
57 Q0 AP890215-0003 588 -70.3358365515804 Laplace
57 Q0 AP890610-0104 589 -70.3360169967386 Laplace
57 Q0 AP891212-0264 590 -70.336053085119 Laplace
57 Q0 AP890206-0235 591 -70.3360891732824 Laplace
57 Q0 AP890207-0188 592 -70.336161348958 Laplace
57 Q0 AP890928-0032 593 -70.3361974364702 Laplace
57 Q0 AP890824-0164 594 -70.3362335237654 Laplace
57 Q0 AP890518-0149 595 -70.3363056977046 Laplace
57 Q0 AP890303-0084 596 -70.3363778707756 Laplace
57 Q0 AP890922-0199 597 -70.3365582996551 Laplace
57 Q0 AP890227-0210 598 -70.3365582996551 Laplace
57 Q0 AP890813-0072 599 -70.3365582996551 Laplace
57 Q0 AP890117-0175 600 -70.3366304696877 Laplace
57 Q0 AP890902-0160 601 -70.3366665543785 Laplace
57 Q0 AP890602-0274 602 -70.3367026388522 Laplace
57 Q0 AP891208-0075 603 -70.3368108909714 Laplace
57 Q0 AP891016-0165 604 -70.3368108909714 Laplace
57 Q0 AP890915-0058 605 -70.33699130683 Laplace
57 Q0 AP890128-0151 606 -70.3370273893507 Laplace
57 Q0 AP890809-0299 607 -70.3370273893507 Laplace
57 Q0 AP890921-0086 608 -70.3370273893507 Laplace
57 Q0 AP891115-0134 609 -70.3370634716544 Laplace
57 Q0 AP890623-0244 610 -70.3370995537412 Laplace
57 Q0 AP890718-0075 611 -70.3370995537412 Laplace
57 Q0 AP891113-0082 612 -70.3371356356109 Laplace
57 Q0 AP890506-0009 613 -70.3371717172637 Laplace
57 Q0 AP891002-0169 614 -70.3372799609202 Laplace
57 Q0 AP890906-0061 615 -70.3372799609202 Laplace
57 Q0 AP890425-0124 616 -70.3373160417051 Laplace
57 Q0 AP890202-0168 617 -70.3374242827579 Laplace
57 Q0 AP891121-0044 618 -70.3374603626749 Laplace
57 Q0 AP890929-0230 619 -70.337496442375 Laplace
57 Q0 AP890728-0198 620 -70.3375325218581 Laplace
57 Q0 AP890119-0343 621 -70.3375686011242 Laplace
57 Q0 AP891011-0065 622 -70.3376046801734 Laplace
57 Q0 AP890310-0190 623 -70.3377129160193 Laplace
57 Q0 AP891124-0039 624 -70.3377489942007 Laplace
57 Q0 AP891027-0060 625 -70.3377850721652 Laplace
57 Q0 AP891222-0210 626 -70.3378211499128 Laplace
57 Q0 AP890414-0128 627 -70.3378211499128 Laplace
57 Q0 AP891121-0029 628 -70.3378572274434 Laplace
57 Q0 AP890110-0186 629 -70.3378572274434 Laplace
57 Q0 AP890502-0122 630 -70.3378933047571 Laplace
57 Q0 AP890817-0113 631 -70.3379654587336 Laplace
57 Q0 AP891108-0139 632 -70.3380736880716 Laplace
57 Q0 AP890123-0179 633 -70.3380736880716 Laplace
57 Q0 AP890802-0274 634 -70.3382179908188 Laplace
57 Q0 AP890825-0042 635 -70.3382901408909 Laplace
57 Q0 AP890613-0085 636 -70.3383622900955 Laplace
57 Q0 AP890427-0160 637 -70.3383622900955 Laplace
57 Q0 AP890704-0157 638 -70.3383622900955 Laplace
57 Q0 AP890917-0084 639 -70.3383983643724 Laplace
57 Q0 AP890425-0055 640 -70.3383983643724 Laplace
57 Q0 AP890329-0014 641 -70.3383983643724 Laplace
57 Q0 AP891010-0149 642 -70.3383983643724 Laplace
57 Q0 AP891128-0221 643 -70.3384344384325 Laplace
57 Q0 AP891215-0193 644 -70.3385065859019 Laplace
57 Q0 AP890209-0117 645 -70.3385787325038 Laplace
57 Q0 AP890418-0152 646 -70.3386869507801 Laplace
57 Q0 AP890315-0178 647 -70.3387230231051 Laplace
57 Q0 AP890307-0169 648 -70.3387951671045 Laplace
57 Q0 AP890327-0099 649 -70.3388673102365 Laplace
57 Q0 AP890324-0171 650 -70.338939452501 Laplace
57 Q0 AP890413-0072 651 -70.338939452501 Laplace
57 Q0 AP890809-0209 652 -70.3390476642715 Laplace
57 Q0 AP890822-0092 653 -70.3390837344279 Laplace
57 Q0 AP890407-0211 654 -70.3390837344279 Laplace
57 Q0 AP890717-0088 655 -70.3391198043675 Laplace
57 Q0 AP890427-0174 656 -70.3391198043675 Laplace
57 Q0 AP890615-0190 657 -70.3391919435962 Laplace
57 Q0 AP891030-0065 658 -70.3391919435962 Laplace
57 Q0 AP890221-0215 659 -70.3393001508131 Laplace
57 Q0 AP890712-0190 660 -70.3393362194517 Laplace
57 Q0 AP890809-0055 661 -70.3393722878735 Laplace
57 Q0 AP890427-0047 662 -70.3393722878735 Laplace
57 Q0 AP890503-0247 663 -70.3393722878735 Laplace
57 Q0 AP890630-0134 664 -70.3394083560785 Laplace
57 Q0 AP890214-0139 665 -70.3394444240666 Laplace
57 Q0 AP890503-0241 666 -70.3394444240666 Laplace
57 Q0 AP891110-0033 667 -70.3395526267302 Laplace
57 Q0 AP890411-0133 668 -70.3396608274425 Laplace
57 Q0 AP890213-0069 669 -70.3397329601667 Laplace
57 Q0 AP890403-0066 670 -70.3397329601667 Laplace
57 Q0 AP890413-0027 671 -70.3397690262037 Laplace
57 Q0 AP890515-0076 672 -70.3398050920238 Laplace
57 Q0 AP891117-0095 673 -70.3398050920238 Laplace
57 Q0 AP890401-0113 674 -70.3398050920238 Laplace
57 Q0 AP890926-0143 675 -70.3398411576271 Laplace
57 Q0 AP890916-0026 676 -70.3398411576271 Laplace
57 Q0 AP890719-0219 677 -70.3398411576271 Laplace
57 Q0 AP890615-0020 678 -70.3398772230137 Laplace
57 Q0 AP891010-0156 679 -70.3398772230137 Laplace
57 Q0 AP890427-0150 680 -70.3398772230137 Laplace
57 Q0 AP890814-0033 681 -70.3399493531364 Laplace
57 Q0 AP890614-0221 682 -70.3399854178726 Laplace
57 Q0 AP890429-0070 683 -70.3399854178726 Laplace
57 Q0 AP890506-0010 684 -70.340021482392 Laplace
57 Q0 AP890110-0248 685 -70.3400575466947 Laplace
57 Q0 AP890918-0023 686 -70.340165738302 Laplace
57 Q0 AP890613-0156 687 -70.3402018017376 Laplace
57 Q0 AP891130-0101 688 -70.3402378649564 Laplace
57 Q0 AP890517-0270 689 -70.3402378649564 Laplace
57 Q0 AP890502-0160 690 -70.3402378649564 Laplace
57 Q0 AP891108-0244 691 -70.3402739279585 Laplace
57 Q0 AP890316-0122 692 -70.3403821156642 Laplace
57 Q0 AP891027-0029 693 -70.3404181777992 Laplace
57 Q0 AP890910-0062 694 -70.3404181777992 Laplace
57 Q0 AP891129-0181 695 -70.3404542397175 Laplace
57 Q0 AP890314-0070 696 -70.3404903014191 Laplace
57 Q0 AP890114-0015 697 -70.3404903014191 Laplace
57 Q0 AP890724-0107 698 -70.3404903014191 Laplace
57 Q0 AP890823-0023 699 -70.3405263629039 Laplace
57 Q0 AP890803-0319 700 -70.340562424172 Laplace
57 Q0 AP890525-0179 701 -70.3405984852234 Laplace
57 Q0 AP890929-0047 702 -70.3405984852234 Laplace
57 Q0 AP890629-0243 703 -70.3407427272615 Laplace
57 Q0 AP890221-0258 704 -70.3408148469803 Laplace
57 Q0 AP890512-0173 705 -70.3408509065146 Laplace
57 Q0 AP890428-0082 706 -70.3408869658321 Laplace
57 Q0 AP890916-0009 707 -70.3408869658321 Laplace
57 Q0 AP890910-0044 708 -70.3408869658321 Laplace
57 Q0 AP890329-0230 709 -70.340923024933 Laplace
57 Q0 AP890404-0176 710 -70.3409951424846 Laplace
57 Q0 AP890228-0103 711 -70.3410312009354 Laplace
57 Q0 AP891103-0086 712 -70.3410672591694 Laplace
57 Q0 AP890210-0193 713 -70.3410672591694 Laplace
57 Q0 AP890724-0023 714 -70.3410672591694 Laplace
57 Q0 AP891006-0122 715 -70.3411033171868 Laplace
57 Q0 AP890411-0198 716 -70.3411393749874 Laplace
57 Q0 AP890201-0251 717 -70.3412114899386 Laplace
57 Q0 AP890130-0051 718 -70.3412114899386 Laplace
57 Q0 AP890124-0020 719 -70.3412836040231 Laplace
57 Q0 AP890524-0032 720 -70.3412836040231 Laplace
57 Q0 AP890624-0030 721 -70.3412836040231 Laplace
57 Q0 AP890201-0284 722 -70.3412836040231 Laplace
57 Q0 AP890206-0099 723 -70.3413557172409 Laplace
57 Q0 AP890213-0100 724 -70.3414278295919 Laplace
57 Q0 AP890724-0109 725 -70.3414638854424 Laplace
57 Q0 AP891110-0117 726 -70.3414999410763 Laplace
57 Q0 AP890309-0014 727 -70.3415359964935 Laplace
57 Q0 AP890215-0161 728 -70.341572051694 Laplace
57 Q0 AP890411-0018 729 -70.341572051694 Laplace
57 Q0 AP890607-0167 730 -70.3416081066778 Laplace
57 Q0 AP890714-0042 731 -70.3416081066778 Laplace
57 Q0 AP891219-0078 732 -70.3416081066778 Laplace
57 Q0 AP890724-0146 733 -70.341644161445 Laplace
57 Q0 AP891222-0031 734 -70.3417162703294 Laplace
57 Q0 AP891014-0095 735 -70.3417162703294 Laplace
57 Q0 AP890429-0088 736 -70.3417162703294 Laplace
57 Q0 AP890118-0147 737 -70.3417162703294 Laplace
57 Q0 AP890510-0180 738 -70.3417523244467 Laplace
57 Q0 AP890405-0245 739 -70.3418244320312 Laplace
57 Q0 AP891014-0059 740 -70.3418604854985 Laplace
57 Q0 AP890902-0032 741 -70.3418604854985 Laplace
57 Q0 AP891024-0119 742 -70.3418965387491 Laplace
57 Q0 AP890503-0099 743 -70.3419686446005 Laplace
57 Q0 AP890527-0071 744 -70.3420046972013 Laplace
57 Q0 AP890627-0074 745 -70.3420768017529 Laplace
57 Q0 AP890106-0049 746 -70.3420768017529 Laplace
57 Q0 AP890502-0134 747 -70.342148905438 Laplace
57 Q0 AP890126-0127 748 -70.3422210082566 Laplace
57 Q0 AP890413-0023 749 -70.3422210082566 Laplace
57 Q0 AP890903-0043 750 -70.3422210082566 Laplace
57 Q0 AP890125-0057 751 -70.3423291608599 Laplace
57 Q0 AP890419-0025 752 -70.3423652112945 Laplace
57 Q0 AP890511-0263 753 -70.3423652112945 Laplace
57 Q0 AP891215-0096 754 -70.3424012615124 Laplace
57 Q0 AP890125-0029 755 -70.3424012615124 Laplace
57 Q0 AP891216-0124 756 -70.3424373115138 Laplace
57 Q0 AP890211-0059 757 -70.3424373115138 Laplace
57 Q0 AP890608-0138 758 -70.3424373115138 Laplace
57 Q0 AP890601-0300 759 -70.3425454602182 Laplace
57 Q0 AP890912-0194 760 -70.3425815093532 Laplace
57 Q0 AP890515-0104 761 -70.3425815093532 Laplace
57 Q0 AP890119-0080 762 -70.3426175582716 Laplace
57 Q0 AP890531-0018 763 -70.3426536069734 Laplace
57 Q0 AP891118-0179 764 -70.3426536069734 Laplace
57 Q0 AP890131-0018 765 -70.3426896554586 Laplace
57 Q0 AP890905-0075 766 -70.3427617517793 Laplace
57 Q0 AP890216-0031 767 -70.3427977996148 Laplace
57 Q0 AP890612-0133 768 -70.3427977996148 Laplace
57 Q0 AP890823-0179 769 -70.342869894636 Laplace
57 Q0 AP890728-0270 770 -70.342869894636 Laplace
57 Q0 AP891030-0051 771 -70.342941988791 Laplace
57 Q0 AP890322-0202 772 -70.342941988791 Laplace
57 Q0 AP890504-0216 773 -70.3429780355436 Laplace
57 Q0 AP891002-0263 774 -70.3430140820797 Laplace
57 Q0 AP891108-0295 775 -70.3430861745022 Laplace
57 Q0 AP890304-0089 776 -70.3430861745022 Laplace
57 Q0 AP891204-0124 777 -70.3431222203886 Laplace
57 Q0 AP890915-0032 778 -70.3431222203886 Laplace
57 Q0 AP891017-0084 779 -70.3431582660585 Laplace
57 Q0 AP890425-0132 780 -70.3431582660585 Laplace
57 Q0 AP890113-0083 781 -70.3432303567485 Laplace
57 Q0 AP890817-0101 782 -70.3432664017688 Laplace
57 Q0 AP890723-0038 783 -70.3433384911596 Laplace
57 Q0 AP890202-0094 784 -70.3433384911596 Laplace
57 Q0 AP890117-0170 785 -70.3433745355302 Laplace
57 Q0 AP891204-0193 786 -70.3434105796843 Laplace
57 Q0 AP890214-0145 787 -70.3435187108474 Laplace
57 Q0 AP890628-0216 788 -70.3435187108474 Laplace
57 Q0 AP890524-0163 789 -70.3435907972069 Laplace
57 Q0 AP890608-0107 790 -70.3436989251222 Laplace
57 Q0 AP890506-0141 791 -70.3436989251222 Laplace
57 Q0 AP890806-0045 792 -70.3438430926449 Laplace
57 Q0 AP890504-0215 793 -70.3438430926449 Laplace
57 Q0 AP890427-0165 794 -70.3438791339843 Laplace
57 Q0 AP890327-0029 795 -70.3439151751072 Laplace
57 Q0 AP890127-0214 796 -70.3439512160136 Laplace
57 Q0 AP890927-0196 797 -70.344023297177 Laplace
57 Q0 AP890424-0244 798 -70.3440953774745 Laplace
57 Q0 AP890816-0209 799 -70.3442395354717 Laplace
57 Q0 AP890727-0075 800 -70.3442395354717 Laplace
57 Q0 AP891011-0059 801 -70.3443116131714 Laplace
57 Q0 AP890603-0008 802 -70.3443116131714 Laplace
57 Q0 AP890426-0068 803 -70.3443476516966 Laplace
57 Q0 AP890713-0220 804 -70.3443476516966 Laplace
57 Q0 AP890916-0081 805 -70.3443476516966 Laplace
57 Q0 AP890929-0044 806 -70.3443836900053 Laplace
57 Q0 AP891007-0060 807 -70.3444557659734 Laplace
57 Q0 AP891013-0004 808 -70.3444557659734 Laplace
57 Q0 AP890201-0064 809 -70.3444918036328 Laplace
57 Q0 AP890518-0241 810 -70.3445278410757 Laplace
57 Q0 AP890907-0048 811 -70.3445278410757 Laplace
57 Q0 AP891114-0196 812 -70.3445638783021 Laplace
57 Q0 AP891030-0154 813 -70.3445999153121 Laplace
57 Q0 AP891030-0196 814 -70.3446719886828 Laplace
57 Q0 AP890712-0161 815 -70.3446719886828 Laplace
57 Q0 AP890617-0078 816 -70.3446719886828 Laplace
57 Q0 AP890104-0073 817 -70.3446719886828 Laplace
57 Q0 AP891118-0110 818 -70.3447800971156 Laplace
57 Q0 AP890116-0165 819 -70.344816132827 Laplace
57 Q0 AP890926-0132 820 -70.3448882036005 Laplace
57 Q0 AP890504-0244 821 -70.3448882036005 Laplace
57 Q0 AP890530-0201 822 -70.3449963081376 Laplace
57 Q0 AP890223-0076 823 -70.3450323425504 Laplace
57 Q0 AP890419-0096 824 -70.3450683767469 Laplace
57 Q0 AP890114-0117 825 -70.3451404444906 Laplace
57 Q0 AP890425-0176 826 -70.3451404444906 Laplace
57 Q0 AP890906-0012 827 -70.3452125113686 Laplace
57 Q0 AP890212-0024 828 -70.3452485444831 Laplace
57 Q0 AP891004-0177 829 -70.3452485444831 Laplace
57 Q0 AP890104-0209 830 -70.3452485444831 Laplace
57 Q0 AP890927-0114 831 -70.3452845773811 Laplace
57 Q0 AP890831-0127 832 -70.3452845773811 Laplace
57 Q0 AP890615-0282 833 -70.3452845773811 Laplace
57 Q0 AP890102-0141 834 -70.3453206100627 Laplace
57 Q0 AP891213-0205 835 -70.3453206100627 Laplace
57 Q0 AP890704-0131 836 -70.345356642528 Laplace
57 Q0 AP891219-0021 837 -70.3454647386254 Laplace
57 Q0 AP890207-0059 838 -70.3455728327754 Laplace
57 Q0 AP891026-0228 839 -70.3457169552796 Laplace
57 Q0 AP891212-0072 840 -70.3457169552796 Laplace
57 Q0 AP890113-0185 841 -70.3457529853647 Laplace
57 Q0 AP891006-0279 842 -70.3457890152334 Laplace
57 Q0 AP891031-0234 843 -70.3458250448858 Laplace
57 Q0 AP891011-0173 844 -70.3458250448858 Laplace
57 Q0 AP890106-0187 845 -70.3458610743219 Laplace
57 Q0 AP891204-0031 846 -70.3458610743219 Laplace
57 Q0 AP891017-0247 847 -70.3459331325449 Laplace
57 Q0 AP890905-0192 848 -70.3459691613319 Laplace
57 Q0 AP890425-0050 849 -70.3460051899026 Laplace
57 Q0 AP891004-0137 850 -70.3461132743165 Laplace
57 Q0 AP890721-0072 851 -70.3462573838398 Laplace
57 Q0 AP890408-0027 852 -70.3463654637108 Laplace
57 Q0 AP890310-0279 853 -70.346473541635 Laplace
57 Q0 AP890202-0228 854 -70.346473541635 Laplace
57 Q0 AP890107-0068 855 -70.3466176425056 Laplace
57 Q0 AP890210-0227 856 -70.3466536671825 Laplace
57 Q0 AP891115-0250 857 -70.3466536671825 Laplace
57 Q0 AP891031-0097 858 -70.3466536671825 Laplace
57 Q0 AP890918-0125 859 -70.3468698107018 Laplace
57 Q0 AP891114-0086 860 -70.3469418568113 Laplace
57 Q0 AP891111-0001 861 -70.3469418568113 Laplace
57 Q0 AP891206-0144 862 -70.3469778795417 Laplace
57 Q0 AP890223-0029 863 -70.3470499243536 Laplace
57 Q0 AP890301-0129 864 -70.3470859464351 Laplace
57 Q0 AP890530-0092 865 -70.3471579899494 Laplace
57 Q0 AP890703-0260 866 -70.3473020743829 Laplace
57 Q0 AP890208-0085 867 -70.3473020743829 Laplace
57 Q0 AP891026-0199 868 -70.3473741153021 Laplace
57 Q0 AP891101-0078 869 -70.3474461553564 Laplace
57 Q0 AP890527-0081 870 -70.347554213816 Laplace
57 Q0 AP890427-0046 871 -70.3476262517079 Laplace
57 Q0 AP890130-0114 872 -70.3476262517079 Laplace
57 Q0 AP890906-0014 873 -70.347698288735 Laplace
57 Q0 AP890814-0029 874 -70.347698288735 Laplace
57 Q0 AP891115-0221 875 -70.347698288735 Laplace
57 Q0 AP890922-0239 876 -70.3477343069242 Laplace
57 Q0 AP890505-0239 877 -70.3477703248971 Laplace
57 Q0 AP890311-0019 878 -70.3478783775187 Laplace
57 Q0 AP890607-0117 879 -70.3479143946269 Laplace
57 Q0 AP890716-0056 880 -70.3479143946269 Laplace
57 Q0 AP891117-0179 881 -70.3479504115188 Laplace
57 Q0 AP890528-0079 882 -70.3479864281945 Laplace
57 Q0 AP890128-0144 883 -70.3481665083302 Laplace
57 Q0 AP891213-0127 884 -70.3482385388711 Laplace
57 Q0 AP890716-0010 885 -70.3483105685474 Laplace
57 Q0 AP890727-0044 886 -70.3483465830612 Laplace
57 Q0 AP890316-0013 887 -70.3484906389549 Laplace
57 Q0 AP891123-0100 888 -70.3487067163106 Laplace
57 Q0 AP891114-0202 889 -70.3487427284467 Laplace
57 Q0 AP891211-0287 890 -70.3488507635581 Laplace
57 Q0 AP890826-0118 891 -70.3488507635581 Laplace
57 Q0 AP890404-0059 892 -70.3490308177545 Laplace
57 Q0 AP890621-0231 893 -70.3492108665477 Laplace
57 Q0 AP890419-0222 894 -70.3494989333793 Laplace
57 Q0 AP890829-0193 895 -70.3495349407608 Laplace
57 Q0 AP890511-0161 896 -70.3495349407608 Laplace
57 Q0 AP890816-0241 897 -70.3496429616088 Laplace
57 Q0 AP891113-0181 898 -70.3498950026915 Laplace
57 Q0 AP891030-0055 899 -70.350039021414 Laplace
57 Q0 AP890905-0191 900 -70.350039021414 Laplace
57 Q0 AP891130-0195 901 -70.3500750255544 Laplace
57 Q0 AP890725-0271 902 -70.3505070583891 Laplace
57 Q0 AP890910-0023 903 -70.3507950629973 Laplace
57 Q0 AP890130-0201 904 -70.3509030611613 Laplace
57 Q0 AP890120-0241 905 -70.3510470556895 Laplace
57 Q0 AP891016-0121 906 -70.3510830537816 Laplace
57 Q0 AP890221-0132 907 -70.3512270439903 Laplace
57 Q0 AP890815-0199 908 -70.3512270439903 Laplace
57 Q0 AP891127-0005 909 -70.3512990377988 Laplace
57 Q0 AP890122-0051 910 -70.3514430228244 Laplace
57 Q0 AP891109-0134 911 -70.3514790185409 Laplace
57 Q0 AP890217-0150 912 -70.3515150140415 Laplace
57 Q0 AP891121-0214 913 -70.3516949883052 Laplace
57 Q0 AP891119-0002 914 -70.3519829358987 Laplace
57 Q0 AP890712-0226 915 -70.352270869674 Laplace
57 Q0 AP891213-0271 916 -70.3527747205345 Laplace
57 Q0 AP890117-0202 917 -70.3530986023177 Laplace
57 Q0 AP890504-0232 918 -70.3541780820114 Laplace
57 Q0 AP890412-0290 919 -70.3543219979645 Laplace
57 Q0 AP890822-0201 920 -70.3548616520466 Laplace
57 Q0 AP890422-0092 921 -70.354933602257 Laplace
57 Q0 AP890802-0193 922 -70.3552213944711 Laplace
57 Q0 AP890824-0202 923 -70.3555811153278 Laplace
57 Q0 AP890706-0030 924 -70.3555811153279 Laplace
57 Q0 AP890521-0048 925 -70.5139702565842 Laplace
57 Q0 AP890617-0143 926 -70.5145119537217 Laplace
57 Q0 AP890306-0304 927 -70.5150897101016 Laplace
57 Q0 AP890301-0106 928 -70.5153063544017 Laplace
57 Q0 AP891016-0182 929 -70.5153785674302 Laplace
57 Q0 AP891212-0045 930 -70.5155229908797 Laplace
57 Q0 AP890902-0150 931 -70.515920137442 Laplace
57 Q0 AP891023-0051 932 -70.5159923430837 Laplace
57 Q0 AP890601-0061 933 -70.5162811569612 Laplace
57 Q0 AP890420-0249 934 -70.5164977582464 Laplace
57 Q0 AP890915-0231 935 -70.5168948402952 Laplace
57 Q0 AP890621-0230 936 -70.516967034208 Laplace
57 Q0 AP890606-0195 937 -70.516967034208 Laplace
57 Q0 AP890816-0263 938 -70.5170031308387 Laplace
57 Q0 AP891110-0234 939 -70.5170753234486 Laplace
57 Q0 AP890215-0199 940 -70.5171114194278 Laplace
57 Q0 AP890205-0094 941 -70.5172197060625 Laplace
57 Q0 AP890824-0114 942 -70.5174362734691 Laplace
57 Q0 AP890317-0197 943 -70.5174362734691 Laplace
57 Q0 AP890306-0147 944 -70.5175084608676 Laplace
57 Q0 AP890811-0089 945 -70.5176889255642 Laplace
57 Q0 AP890609-0212 946 -70.5177250178522 Laplace
57 Q0 AP891222-0078 947 -70.5179054760356 Laplace
57 Q0 AP891025-0124 948 -70.5180137483404 Laplace
57 Q0 AP890124-0297 949 -70.5180859287915 Laplace
57 Q0 AP890708-0136 950 -70.5181581083743 Laplace
57 Q0 AP890125-0289 951 -70.518374641913 Laplace
57 Q0 AP890706-0116 952 -70.5184107300764 Laplace
57 Q0 AP890202-0300 953 -70.5184107300764 Laplace
57 Q0 AP890515-0139 954 -70.5184468180227 Laplace
57 Q0 AP890329-0129 955 -70.518482905752 Laplace
57 Q0 AP890707-0213 956 -70.518482905752 Laplace
57 Q0 AP890729-0131 957 -70.5185189932642 Laplace
57 Q0 AP890805-0138 958 -70.5186272544986 Laplace
57 Q0 AP890724-0184 959 -70.5186272544986 Laplace
57 Q0 AP890125-0260 960 -70.5186994275696 Laplace
57 Q0 AP891206-0011 961 -70.5187355137795 Laplace
57 Q0 AP890501-0245 962 -70.5187715997724 Laplace
57 Q0 AP890205-0056 963 -70.5188076855483 Laplace
57 Q0 AP890207-0160 964 -70.5188437711072 Laplace
57 Q0 AP890207-0076 965 -70.518879856449 Laplace
57 Q0 AP890620-0161 966 -70.5189520264816 Laplace
57 Q0 AP890228-0110 967 -70.5190963639426 Laplace
57 Q0 AP890324-0011 968 -70.5190963639426 Laplace
57 Q0 AP890524-0150 969 -70.5191324477653 Laplace
57 Q0 AP890903-0027 970 -70.5191685313711 Laplace
57 Q0 AP891016-0074 971 -70.5192046147598 Laplace
57 Q0 AP890623-0037 972 -70.5193128636239 Laplace
57 Q0 AP890803-0248 973 -70.5193850284484 Laplace
57 Q0 AP890509-0184 974 -70.5194932740577 Laplace
57 Q0 AP891116-0017 975 -70.5195654367123 Laplace
57 Q0 AP890119-0238 976 -70.5197819194688 Laplace
57 Q0 AP890728-0252 977 -70.5197819194688 Laplace
57 Q0 AP891123-0054 978 -70.5198179991689 Laplace
57 Q0 AP891023-0157 979 -70.519854078652 Laplace
57 Q0 AP890207-0216 980 -70.5199623157996 Laplace
57 Q0 AP890831-0241 981 -70.5199983944149 Laplace
57 Q0 AP890808-0014 982 -70.5199983944149 Laplace
57 Q0 AP891012-0184 983 -70.5200344728133 Laplace
57 Q0 AP890609-0151 984 -70.5200344728133 Laplace
57 Q0 AP890919-0215 985 -70.5200344728133 Laplace
57 Q0 AP890111-0102 986 -70.5200705509947 Laplace
57 Q0 AP890629-0254 987 -70.5201787842373 Laplace
57 Q0 AP890828-0252 988 -70.5201787842373 Laplace
57 Q0 AP890130-0173 989 -70.520214861551 Laplace
57 Q0 AP890628-0147 990 -70.5202870155276 Laplace
57 Q0 AP891111-0027 991 -70.5202870155276 Laplace
57 Q0 AP891012-0138 992 -70.5205034722513 Laplace
57 Q0 AP890111-0142 993 -70.5205034722513 Laplace
57 Q0 AP890623-0213 994 -70.5205395476127 Laplace
57 Q0 AP890907-0052 995 -70.5206116976849 Laplace
57 Q0 AP891218-0100 996 -70.5206116976849 Laplace
57 Q0 AP890125-0326 997 -70.5207199211664 Laplace
57 Q0 AP890428-0037 998 -70.5207559952264 Laplace
57 Q0 AP890804-0068 999 -70.5207920690696 Laplace
57 Q0 AP890723-0035 1000 -70.5209724350321 Laplace
57 Q0 AP890915-0277 1001 -70.521008507574 Laplace
